0 info it worked if it ends with ok
1 verbose cli [
1 verbose cli   'C:\\Program Files\\nodejs\\node.exe',
1 verbose cli   'C:\\Users\\noure\\AppData\\Roaming\\npm\\node_modules\\npm\\bin\\npm-cli.js',
1 verbose cli   'start'
1 verbose cli ]
2 info using npm@3.10.10
3 info using node@v18.13.0
4 verbose run-script [ 'prestart', 'start', 'poststart' ]
5 info lifecycle ft_hangouts@1.0.0~prestart: ft_hangouts@1.0.0
6 silly lifecycle ft_hangouts@1.0.0~prestart: no script for prestart, continuing
7 info lifecycle ft_hangouts@1.0.0~start: ft_hangouts@1.0.0
8 verbose lifecycle ft_hangouts@1.0.0~start: unsafe-perm in lifecycle true
9 verbose lifecycle ft_hangouts@1.0.0~start: PATH: C:\Users\noure\AppData\Roaming\npm\node_modules\npm\bin\node-gyp-bin;C:\Users\noure\OneDrive\Bureau\ft_hangouts\node_modules\.bin;C:\Windows\system32;C:\Windows;C:\Windows\System32\Wbem;C:\Windows\System32\WindowsPowerShell\v1.0\;C:\Windows\System32\OpenSSH\;C:\Program Files (x86)\NVIDIA Corporation\PhysX\Common;C:\Program Files\NVIDIA Corporation\NVIDIA NvDLISR;C:\WINDOWS\system32;C:\WINDOWS;C:\WINDOWS\System32\Wbem;C:\WINDOWS\System32\WindowsPowerShell\v1.0\;C:\WINDOWS\System32\OpenSSH\;C:\Program Files\Git\cmd;C:\Program Files\nodejs\;C:\Program Files\dotnet\;C:\Users\noure\AppData\Local\Microsoft\WindowsApps;;C:\Users\noure\AppData\Local\Programs\Microsoft VS Code\bin;C:\Users\noure\AppData\Roaming\npm
10 verbose lifecycle ft_hangouts@1.0.0~start: CWD: C:\Users\noure\OneDrive\Bureau\ft_hangouts
11 silly lifecycle ft_hangouts@1.0.0~start: Args: [ '/d /s /c', 'expo start' ]
12 verbose stack Error: kill ENOSYS
12 verbose stack     at process.kill (node:internal/process/per_thread:221:13)
12 verbose stack     at process.listener (C:\Users\noure\AppData\Roaming\npm\node_modules\npm\node_modules\npmlog\node_modules\gauge\node_modules\signal-exit\index.js:86:15)
12 verbose stack     at process.emit (node:events:525:35)
13 verbose cwd C:\Users\noure\OneDrive\Bureau\ft_hangouts
14 error Windows_NT 10.0.22621
15 error argv "C:\\Program Files\\nodejs\\node.exe" "C:\\Users\\noure\\AppData\\Roaming\\npm\\node_modules\\npm\\bin\\npm-cli.js" "start"
16 error node v18.13.0
17 error npm  v3.10.10
18 error code ENOSYS
19 error errno -4054
20 error syscall kill
21 error kill ENOSYS
22 error If you need help, you may report this error at:
22 error     <https://github.com/npm/npm/issues>
23 verbose exit [ -4054, true ]
